2022-07-25 08:33:42.214306+00:00 [notice] <0.221.0> Logging: configured log handlers are now ACTIVE
2022-07-25 08:33:42.564527+00:00 [info] <0.221.0> ra: starting system quorum_queues
2022-07-25 08:33:42.564681+00:00 [info] <0.221.0> starting Ra system: quorum_queues in directory: /var/lib/rabbitmq/mnesia/rabbit@dff4db72e632/quorum/rabbit@dff4db72e632
2022-07-25 08:33:42.680507+00:00 [info] <0.258.0> ra system 'quorum_queues' running pre init for 0 registered servers
2022-07-25 08:33:42.700130+00:00 [info] <0.259.0> ra: meta data store initialised for system quorum_queues. 0 record(s) recovered
2022-07-25 08:33:42.718688+00:00 [notice] <0.264.0> WAL: ra_log_wal init, open tbls: ra_log_open_mem_tables, closed tbls: ra_log_closed_mem_tables
2022-07-25 08:33:42.740103+00:00 [info] <0.221.0> ra: starting system coordination
2022-07-25 08:33:42.740156+00:00 [info] <0.221.0> starting Ra system: coordination in directory: /var/lib/rabbitmq/mnesia/rabbit@dff4db72e632/coordination/rabbit@dff4db72e632
2022-07-25 08:33:42.754134+00:00 [info] <0.271.0> ra system 'coordination' running pre init for 0 registered servers
2022-07-25 08:33:42.759987+00:00 [info] <0.272.0> ra: meta data store initialised for system coordination. 0 record(s) recovered
2022-07-25 08:33:42.760318+00:00 [notice] <0.277.0> WAL: ra_coordination_log_wal init, open tbls: ra_coordination_log_open_mem_tables, closed tbls: ra_coordination_log_closed_mem_tables
2022-07-25 08:33:42.770576+00:00 [info] <0.221.0> 
2022-07-25 08:33:42.770576+00:00 [info] <0.221.0>  Starting RabbitMQ 3.10.6 on Erlang 24.3.4.2 [jit]
2022-07-25 08:33:42.770576+00:00 [info] <0.221.0>  Copyright (c) 2007-2022 VMware, Inc. or its affiliates.
2022-07-25 08:33:42.770576+00:00 [info] <0.221.0>  Licensed under the MPL 2.0. Website: https://rabbitmq.com
2022-07-25 08:33:42.772727+00:00 [info] <0.221.0> 
2022-07-25 08:33:42.772727+00:00 [info] <0.221.0>  node           : rabbit@dff4db72e632
2022-07-25 08:33:42.772727+00:00 [info] <0.221.0>  home dir       : /var/lib/rabbitmq
2022-07-25 08:33:42.772727+00:00 [info] <0.221.0>  config file(s) : (none)
2022-07-25 08:33:42.772727+00:00 [info] <0.221.0>  cookie hash    : 5VOCUG4mq7/6F6jWfCXVqQ==
2022-07-25 08:33:42.772727+00:00 [info] <0.221.0>  log(s)         : /var/log/rabbitmq/rabbit@dff4db72e632.log
2022-07-25 08:33:42.772727+00:00 [info] <0.221.0>                 : /var/log/rabbitmq/rabbit@dff4db72e632_upgrade.log
2022-07-25 08:33:42.772727+00:00 [info] <0.221.0>                 : <stdout>
2022-07-25 08:33:42.772727+00:00 [info] <0.221.0>  database dir   : /var/lib/rabbitmq/mnesia/rabbit@dff4db72e632
2022-07-25 08:33:46.546809+00:00 [info] <0.221.0> Running boot step pre_boot defined by app rabbit
2022-07-25 08:33:46.546866+00:00 [info] <0.221.0> Running boot step rabbit_global_counters defined by app rabbit
2022-07-25 08:33:46.547396+00:00 [info] <0.221.0> Running boot step rabbit_osiris_metrics defined by app rabbit
2022-07-25 08:33:46.547545+00:00 [info] <0.221.0> Running boot step rabbit_core_metrics defined by app rabbit
2022-07-25 08:33:46.548295+00:00 [info] <0.221.0> Running boot step rabbit_alarm defined by app rabbit
2022-07-25 08:33:46.554994+00:00 [info] <0.286.0> Memory high watermark set to 5056 MiB (5301806694 bytes) of 12640 MiB (13254516736 bytes) total
2022-07-25 08:33:46.560870+00:00 [info] <0.288.0> Enabling free disk space monitoring
2022-07-25 08:33:46.560924+00:00 [info] <0.288.0> Disk free limit set to 50MB
2022-07-25 08:33:46.565331+00:00 [info] <0.221.0> Running boot step code_server_cache defined by app rabbit
2022-07-25 08:33:46.565488+00:00 [info] <0.221.0> Running boot step file_handle_cache defined by app rabbit
2022-07-25 08:33:46.565679+00:00 [info] <0.293.0> Limiting to approx 1048479 file handles (943629 sockets)
2022-07-25 08:33:46.565915+00:00 [info] <0.294.0> FHC read buffering: OFF
2022-07-25 08:33:46.565980+00:00 [info] <0.294.0> FHC write buffering: ON
2022-07-25 08:33:46.566730+00:00 [info] <0.221.0> Running boot step worker_pool defined by app rabbit
2022-07-25 08:33:46.566891+00:00 [info] <0.279.0> Will use 8 processes for default worker pool
2022-07-25 08:33:46.566932+00:00 [info] <0.279.0> Starting worker pool 'worker_pool' with 8 processes in it
2022-07-25 08:33:46.567726+00:00 [info] <0.221.0> Running boot step database defined by app rabbit
2022-07-25 08:33:46.570108+00:00 [info] <0.221.0> Node database directory at /var/lib/rabbitmq/mnesia/rabbit@dff4db72e632 is empty. Assuming we need to join an existing cluster or initialise from scratch...
2022-07-25 08:33:46.570208+00:00 [info] <0.221.0> Configured peer discovery backend: rabbit_peer_discovery_classic_config
2022-07-25 08:33:46.570240+00:00 [info] <0.221.0> Will try to lock with peer discovery backend rabbit_peer_discovery_classic_config
2022-07-25 08:33:46.570418+00:00 [info] <0.221.0> All discovered existing cluster peers:
2022-07-25 08:33:46.570468+00:00 [info] <0.221.0> Discovered no peer nodes to cluster with. Some discovery backends can filter nodes out based on a readiness criteria. Enabling debug logging might help troubleshoot.
2022-07-25 08:33:46.574244+00:00 [notice] <0.44.0> Application mnesia exited with reason: stopped
2022-07-25 08:33:47.004175+00:00 [info] <0.221.0> Waiting for Mnesia tables for 30000 ms, 9 retries left
2022-07-25 08:33:47.004376+00:00 [info] <0.221.0> Successfully synced tables from a peer
2022-07-25 08:33:47.022872+00:00 [info] <0.221.0> Waiting for Mnesia tables for 30000 ms, 9 retries left
2022-07-25 08:33:47.023032+00:00 [info] <0.221.0> Successfully synced tables from a peer
2022-07-25 08:33:47.023090+00:00 [info] <0.221.0> Feature flag `classic_mirrored_queue_version`: supported, attempt to enable...
2022-07-25 08:33:47.023228+00:00 [info] <0.221.0> Feature flag `classic_mirrored_queue_version`: mark as enabled=state_changing
2022-07-25 08:33:47.024299+00:00 [info] <0.221.0> Feature flags: list of feature flags found:
2022-07-25 08:33:47.024426+00:00 [info] <0.221.0> Feature flags:   [~] classic_mirrored_queue_version
2022-07-25 08:33:47.024471+00:00 [info] <0.221.0> Feature flags:   [ ] implicit_default_bindings
2022-07-25 08:33:47.024490+00:00 [info] <0.221.0> Feature flags:   [ ] maintenance_mode_status
2022-07-25 08:33:47.024508+00:00 [info] <0.221.0> Feature flags:   [ ] quorum_queue
2022-07-25 08:33:47.024622+00:00 [info] <0.221.0> Feature flags:   [ ] stream_queue
2022-07-25 08:33:47.024641+00:00 [info] <0.221.0> Feature flags:   [ ] user_limits
2022-07-25 08:33:47.024670+00:00 [info] <0.221.0> Feature flags:   [ ] virtual_host_metadata
2022-07-25 08:33:47.024691+00:00 [info] <0.221.0> Feature flags: feature flag states written to disk: yes
2022-07-25 08:33:47.036371+00:00 [info] <0.221.0> Feature flag `classic_mirrored_queue_version`: mark as enabled=true
2022-07-25 08:33:47.043062+00:00 [info] <0.221.0> Feature flags: list of feature flags found:
2022-07-25 08:33:47.043145+00:00 [info] <0.221.0> Feature flags:   [x] classic_mirrored_queue_version
2022-07-25 08:33:47.043176+00:00 [info] <0.221.0> Feature flags:   [ ] implicit_default_bindings
2022-07-25 08:33:47.043221+00:00 [info] <0.221.0> Feature flags:   [ ] maintenance_mode_status
2022-07-25 08:33:47.043263+00:00 [info] <0.221.0> Feature flags:   [ ] quorum_queue
2022-07-25 08:33:47.043300+00:00 [info] <0.221.0> Feature flags:   [ ] stream_queue
2022-07-25 08:33:47.043393+00:00 [info] <0.221.0> Feature flags:   [ ] user_limits
2022-07-25 08:33:47.043435+00:00 [info] <0.221.0> Feature flags:   [ ] virtual_host_metadata
2022-07-25 08:33:47.043490+00:00 [info] <0.221.0> Feature flags: feature flag states written to disk: yes
2022-07-25 08:33:47.055371+00:00 [info] <0.221.0> Feature flag `implicit_default_bindings`: supported, attempt to enable...
2022-07-25 08:33:47.055493+00:00 [info] <0.221.0> Feature flag `implicit_default_bindings`: mark as enabled=state_changing
2022-07-25 08:33:47.056483+00:00 [info] <0.221.0> Feature flags: list of feature flags found:
2022-07-25 08:33:47.056599+00:00 [info] <0.221.0> Feature flags:   [x] classic_mirrored_queue_version
2022-07-25 08:33:47.056644+00:00 [info] <0.221.0> Feature flags:   [~] implicit_default_bindings
2022-07-25 08:33:47.056664+00:00 [info] <0.221.0> Feature flags:   [ ] maintenance_mode_status
2022-07-25 08:33:47.056767+00:00 [info] <0.221.0> Feature flags:   [ ] quorum_queue
2022-07-25 08:33:47.056833+00:00 [info] <0.221.0> Feature flags:   [ ] stream_queue
2022-07-25 08:33:47.056892+00:00 [info] <0.221.0> Feature flags:   [ ] user_limits
2022-07-25 08:33:47.056922+00:00 [info] <0.221.0> Feature flags:   [ ] virtual_host_metadata
2022-07-25 08:33:47.057008+00:00 [info] <0.221.0> Feature flags: feature flag states written to disk: yes
2022-07-25 08:33:47.067031+00:00 [info] <0.221.0> Waiting for Mnesia tables for 30000 ms, 0 retries left
2022-07-25 08:33:47.067207+00:00 [info] <0.221.0> Successfully synced tables from a peer
2022-07-25 08:33:47.067335+00:00 [info] <0.221.0> Feature flag `implicit_default_bindings`: mark as enabled=true
2022-07-25 08:33:47.081768+00:00 [info] <0.221.0> Feature flags: list of feature flags found:
2022-07-25 08:33:47.081862+00:00 [info] <0.221.0> Feature flags:   [x] classic_mirrored_queue_version
2022-07-25 08:33:47.081903+00:00 [info] <0.221.0> Feature flags:   [x] implicit_default_bindings
2022-07-25 08:33:47.081943+00:00 [info] <0.221.0> Feature flags:   [ ] maintenance_mode_status
2022-07-25 08:33:47.081977+00:00 [info] <0.221.0> Feature flags:   [ ] quorum_queue
2022-07-25 08:33:47.081995+00:00 [info] <0.221.0> Feature flags:   [ ] stream_queue
2022-07-25 08:33:47.082016+00:00 [info] <0.221.0> Feature flags:   [ ] user_limits
2022-07-25 08:33:47.082034+00:00 [info] <0.221.0> Feature flags:   [ ] virtual_host_metadata
2022-07-25 08:33:47.082121+00:00 [info] <0.221.0> Feature flags: feature flag states written to disk: yes
2022-07-25 08:33:47.092601+00:00 [info] <0.221.0> Feature flag `maintenance_mode_status`: supported, attempt to enable...
2022-07-25 08:33:47.092734+00:00 [info] <0.221.0> Feature flag `maintenance_mode_status`: mark as enabled=state_changing
2022-07-25 08:33:47.093838+00:00 [info] <0.221.0> Feature flags: list of feature flags found:
2022-07-25 08:33:47.093943+00:00 [info] <0.221.0> Feature flags:   [x] classic_mirrored_queue_version
2022-07-25 08:33:47.093996+00:00 [info] <0.221.0> Feature flags:   [x] implicit_default_bindings
2022-07-25 08:33:47.094023+00:00 [info] <0.221.0> Feature flags:   [~] maintenance_mode_status
2022-07-25 08:33:47.094080+00:00 [info] <0.221.0> Feature flags:   [ ] quorum_queue
2022-07-25 08:33:47.094099+00:00 [info] <0.221.0> Feature flags:   [ ] stream_queue
2022-07-25 08:33:47.094116+00:00 [info] <0.221.0> Feature flags:   [ ] user_limits
2022-07-25 08:33:47.094153+00:00 [info] <0.221.0> Feature flags:   [ ] virtual_host_metadata
2022-07-25 08:33:47.094205+00:00 [info] <0.221.0> Feature flags: feature flag states written to disk: yes
2022-07-25 08:33:47.105595+00:00 [info] <0.221.0> Creating table rabbit_node_maintenance_states for feature flag `maintenance_mode_status`
2022-07-25 08:33:47.141523+00:00 [info] <0.221.0> Feature flag `maintenance_mode_status`: mark as enabled=true
2022-07-25 08:33:47.153613+00:00 [info] <0.221.0> Feature flags: list of feature flags found:
2022-07-25 08:33:47.153678+00:00 [info] <0.221.0> Feature flags:   [x] classic_mirrored_queue_version
2022-07-25 08:33:47.153704+00:00 [info] <0.221.0> Feature flags:   [x] implicit_default_bindings
2022-07-25 08:33:47.153766+00:00 [info] <0.221.0> Feature flags:   [x] maintenance_mode_status
2022-07-25 08:33:47.153787+00:00 [info] <0.221.0> Feature flags:   [ ] quorum_queue
2022-07-25 08:33:47.153805+00:00 [info] <0.221.0> Feature flags:   [ ] stream_queue
2022-07-25 08:33:47.153931+00:00 [info] <0.221.0> Feature flags:   [ ] user_limits
2022-07-25 08:33:47.153954+00:00 [info] <0.221.0> Feature flags:   [ ] virtual_host_metadata
2022-07-25 08:33:47.153992+00:00 [info] <0.221.0> Feature flags: feature flag states written to disk: yes
2022-07-25 08:33:47.165244+00:00 [info] <0.221.0> Feature flag `quorum_queue`: supported, attempt to enable...
2022-07-25 08:33:47.165397+00:00 [info] <0.221.0> Feature flag `quorum_queue`: mark as enabled=state_changing
2022-07-25 08:33:47.166603+00:00 [info] <0.221.0> Feature flags: list of feature flags found:
2022-07-25 08:33:47.166682+00:00 [info] <0.221.0> Feature flags:   [x] classic_mirrored_queue_version
2022-07-25 08:33:47.166708+00:00 [info] <0.221.0> Feature flags:   [x] implicit_default_bindings
2022-07-25 08:33:47.166727+00:00 [info] <0.221.0> Feature flags:   [x] maintenance_mode_status
2022-07-25 08:33:47.166842+00:00 [info] <0.221.0> Feature flags:   [~] quorum_queue
2022-07-25 08:33:47.166897+00:00 [info] <0.221.0> Feature flags:   [ ] stream_queue
2022-07-25 08:33:47.166934+00:00 [info] <0.221.0> Feature flags:   [ ] user_limits
2022-07-25 08:33:47.167017+00:00 [info] <0.221.0> Feature flags:   [ ] virtual_host_metadata
2022-07-25 08:33:47.167061+00:00 [info] <0.221.0> Feature flags: feature flag states written to disk: yes
2022-07-25 08:33:47.177340+00:00 [info] <0.221.0> Waiting for Mnesia tables for 30000 ms, 9 retries left
2022-07-25 08:33:47.177560+00:00 [info] <0.221.0> Successfully synced tables from a peer
2022-07-25 08:33:47.177614+00:00 [info] <0.221.0> Feature flag `quorum_queue`:   migrating Mnesia table rabbit_queue...
2022-07-25 08:33:47.305220+00:00 [info] <0.221.0> Feature flag `quorum_queue`:   migrating Mnesia table rabbit_durable_queue...
2022-07-25 08:33:47.380859+00:00 [info] <0.221.0> Feature flag `quorum_queue`:   Mnesia tables migration done
2022-07-25 08:33:47.380946+00:00 [info] <0.221.0> Feature flag `quorum_queue`: mark as enabled=true
2022-07-25 08:33:47.389936+00:00 [info] <0.221.0> Feature flags: list of feature flags found:
2022-07-25 08:33:47.390041+00:00 [info] <0.221.0> Feature flags:   [x] classic_mirrored_queue_version
2022-07-25 08:33:47.390074+00:00 [info] <0.221.0> Feature flags:   [x] implicit_default_bindings
2022-07-25 08:33:47.390095+00:00 [info] <0.221.0> Feature flags:   [x] maintenance_mode_status
2022-07-25 08:33:47.390136+00:00 [info] <0.221.0> Feature flags:   [x] quorum_queue
2022-07-25 08:33:47.390237+00:00 [info] <0.221.0> Feature flags:   [ ] stream_queue
2022-07-25 08:33:47.390271+00:00 [info] <0.221.0> Feature flags:   [ ] user_limits
2022-07-25 08:33:47.390330+00:00 [info] <0.221.0> Feature flags:   [ ] virtual_host_metadata
2022-07-25 08:33:47.390379+00:00 [info] <0.221.0> Feature flags: feature flag states written to disk: yes
2022-07-25 08:33:47.401394+00:00 [info] <0.221.0> Feature flag `stream_queue`: supported, attempt to enable...
2022-07-25 08:33:47.401663+00:00 [info] <0.221.0> Feature flag `stream_queue`: mark as enabled=state_changing
2022-07-25 08:33:47.402552+00:00 [info] <0.221.0> Feature flags: list of feature flags found:
2022-07-25 08:33:47.402664+00:00 [info] <0.221.0> Feature flags:   [x] classic_mirrored_queue_version
2022-07-25 08:33:47.402721+00:00 [info] <0.221.0> Feature flags:   [x] implicit_default_bindings
2022-07-25 08:33:47.402755+00:00 [info] <0.221.0> Feature flags:   [x] maintenance_mode_status
2022-07-25 08:33:47.402812+00:00 [info] <0.221.0> Feature flags:   [x] quorum_queue
2022-07-25 08:33:47.402910+00:00 [info] <0.221.0> Feature flags:   [~] stream_queue
2022-07-25 08:33:47.402965+00:00 [info] <0.221.0> Feature flags:   [ ] user_limits
2022-07-25 08:33:47.403023+00:00 [info] <0.221.0> Feature flags:   [ ] virtual_host_metadata
2022-07-25 08:33:47.403074+00:00 [info] <0.221.0> Feature flags: feature flag states written to disk: yes
2022-07-25 08:33:47.413548+00:00 [info] <0.221.0> Feature flag `stream_queue`: mark as enabled=true
2022-07-25 08:33:47.425533+00:00 [info] <0.221.0> Feature flags: list of feature flags found:
2022-07-25 08:33:47.425625+00:00 [info] <0.221.0> Feature flags:   [x] classic_mirrored_queue_version
2022-07-25 08:33:47.425663+00:00 [info] <0.221.0> Feature flags:   [x] implicit_default_bindings
2022-07-25 08:33:47.425712+00:00 [info] <0.221.0> Feature flags:   [x] maintenance_mode_status
2022-07-25 08:33:47.425732+00:00 [info] <0.221.0> Feature flags:   [x] quorum_queue
2022-07-25 08:33:47.425754+00:00 [info] <0.221.0> Feature flags:   [x] stream_queue
2022-07-25 08:33:47.425820+00:00 [info] <0.221.0> Feature flags:   [ ] user_limits
2022-07-25 08:33:47.425925+00:00 [info] <0.221.0> Feature flags:   [ ] virtual_host_metadata
2022-07-25 08:33:47.426003+00:00 [info] <0.221.0> Feature flags: feature flag states written to disk: yes
2022-07-25 08:33:47.436564+00:00 [info] <0.221.0> Feature flag `user_limits`: supported, attempt to enable...
2022-07-25 08:33:47.436781+00:00 [info] <0.221.0> Feature flag `user_limits`: mark as enabled=state_changing
2022-07-25 08:33:47.437651+00:00 [info] <0.221.0> Feature flags: list of feature flags found:
2022-07-25 08:33:47.437714+00:00 [info] <0.221.0> Feature flags:   [x] classic_mirrored_queue_version
2022-07-25 08:33:47.437747+00:00 [info] <0.221.0> Feature flags:   [x] implicit_default_bindings
2022-07-25 08:33:47.437766+00:00 [info] <0.221.0> Feature flags:   [x] maintenance_mode_status
2022-07-25 08:33:47.437799+00:00 [info] <0.221.0> Feature flags:   [x] quorum_queue
2022-07-25 08:33:47.437892+00:00 [info] <0.221.0> Feature flags:   [x] stream_queue
2022-07-25 08:33:47.437964+00:00 [info] <0.221.0> Feature flags:   [~] user_limits
2022-07-25 08:33:47.437999+00:00 [info] <0.221.0> Feature flags:   [ ] virtual_host_metadata
2022-07-25 08:33:47.438103+00:00 [info] <0.221.0> Feature flags: feature flag states written to disk: yes
2022-07-25 08:33:47.448200+00:00 [info] <0.221.0> Waiting for Mnesia tables for 30000 ms, 9 retries left
2022-07-25 08:33:47.448333+00:00 [info] <0.221.0> Successfully synced tables from a peer
2022-07-25 08:33:47.522380+00:00 [info] <0.221.0> Feature flag `user_limits`: mark as enabled=true
2022-07-25 08:33:47.530701+00:00 [info] <0.221.0> Feature flags: list of feature flags found:
2022-07-25 08:33:47.530762+00:00 [info] <0.221.0> Feature flags:   [x] classic_mirrored_queue_version
2022-07-25 08:33:47.530788+00:00 [info] <0.221.0> Feature flags:   [x] implicit_default_bindings
2022-07-25 08:33:47.530865+00:00 [info] <0.221.0> Feature flags:   [x] maintenance_mode_status
2022-07-25 08:33:47.530889+00:00 [info] <0.221.0> Feature flags:   [x] quorum_queue
2022-07-25 08:33:47.530907+00:00 [info] <0.221.0> Feature flags:   [x] stream_queue
2022-07-25 08:33:47.531005+00:00 [info] <0.221.0> Feature flags:   [x] user_limits
2022-07-25 08:33:47.531029+00:00 [info] <0.221.0> Feature flags:   [ ] virtual_host_metadata
2022-07-25 08:33:47.531095+00:00 [info] <0.221.0> Feature flags: feature flag states written to disk: yes
2022-07-25 08:33:47.542554+00:00 [info] <0.221.0> Feature flag `virtual_host_metadata`: supported, attempt to enable...
2022-07-25 08:33:47.542805+00:00 [info] <0.221.0> Feature flag `virtual_host_metadata`: mark as enabled=state_changing
2022-07-25 08:33:47.543728+00:00 [info] <0.221.0> Feature flags: list of feature flags found:
2022-07-25 08:33:47.543767+00:00 [info] <0.221.0> Feature flags:   [x] classic_mirrored_queue_version
2022-07-25 08:33:47.543790+00:00 [info] <0.221.0> Feature flags:   [x] implicit_default_bindings
2022-07-25 08:33:47.543810+00:00 [info] <0.221.0> Feature flags:   [x] maintenance_mode_status
2022-07-25 08:33:47.543870+00:00 [info] <0.221.0> Feature flags:   [x] quorum_queue
2022-07-25 08:33:47.543946+00:00 [info] <0.221.0> Feature flags:   [x] stream_queue
2022-07-25 08:33:47.543982+00:00 [info] <0.221.0> Feature flags:   [x] user_limits
2022-07-25 08:33:47.544054+00:00 [info] <0.221.0> Feature flags:   [~] virtual_host_metadata
2022-07-25 08:33:47.544125+00:00 [info] <0.221.0> Feature flags: feature flag states written to disk: yes
2022-07-25 08:33:47.554966+00:00 [info] <0.221.0> Waiting for Mnesia tables for 30000 ms, 9 retries left
2022-07-25 08:33:47.555152+00:00 [info] <0.221.0> Successfully synced tables from a peer
2022-07-25 08:33:47.642974+00:00 [info] <0.221.0> Feature flag `virtual_host_metadata`: mark as enabled=true
2022-07-25 08:33:47.653182+00:00 [info] <0.221.0> Feature flags: list of feature flags found:
2022-07-25 08:33:47.653326+00:00 [info] <0.221.0> Feature flags:   [x] classic_mirrored_queue_version
2022-07-25 08:33:47.653373+00:00 [info] <0.221.0> Feature flags:   [x] implicit_default_bindings
2022-07-25 08:33:47.653486+00:00 [info] <0.221.0> Feature flags:   [x] maintenance_mode_status
2022-07-25 08:33:47.653560+00:00 [info] <0.221.0> Feature flags:   [x] quorum_queue
2022-07-25 08:33:47.653599+00:00 [info] <0.221.0> Feature flags:   [x] stream_queue
2022-07-25 08:33:47.653718+00:00 [info] <0.221.0> Feature flags:   [x] user_limits
2022-07-25 08:33:47.653792+00:00 [info] <0.221.0> Feature flags:   [x] virtual_host_metadata
2022-07-25 08:33:47.653851+00:00 [info] <0.221.0> Feature flags: feature flag states written to disk: yes
2022-07-25 08:33:47.666000+00:00 [info] <0.221.0> Waiting for Mnesia tables for 30000 ms, 9 retries left
2022-07-25 08:33:47.666352+00:00 [info] <0.221.0> Successfully synced tables from a peer
2022-07-25 08:33:47.698197+00:00 [info] <0.221.0> Waiting for Mnesia tables for 30000 ms, 9 retries left
2022-07-25 08:33:47.698367+00:00 [info] <0.221.0> Successfully synced tables from a peer
2022-07-25 08:33:47.698454+00:00 [info] <0.221.0> Peer discovery backend rabbit_peer_discovery_classic_config does not support registration, skipping registration.
2022-07-25 08:33:47.698559+00:00 [info] <0.221.0> Will try to unlock with peer discovery backend rabbit_peer_discovery_classic_config
2022-07-25 08:33:47.698786+00:00 [info] <0.221.0> Running boot step database_sync defined by app rabbit
2022-07-25 08:33:47.698987+00:00 [info] <0.221.0> Running boot step feature_flags defined by app rabbit
2022-07-25 08:33:47.702222+00:00 [info] <0.221.0> Running boot step codec_correctness_check defined by app rabbit
2022-07-25 08:33:47.702314+00:00 [info] <0.221.0> Running boot step external_infrastructure defined by app rabbit
2022-07-25 08:33:47.702338+00:00 [info] <0.221.0> Running boot step rabbit_registry defined by app rabbit
2022-07-25 08:33:47.702571+00:00 [info] <0.221.0> Running boot step rabbit_auth_mechanism_cr_demo defined by app rabbit
2022-07-25 08:33:47.702767+00:00 [info] <0.221.0> Running boot step rabbit_queue_location_random defined by app rabbit
2022-07-25 08:33:47.702915+00:00 [info] <0.221.0> Running boot step rabbit_event defined by app rabbit
2022-07-25 08:33:47.703267+00:00 [info] <0.221.0> Running boot step rabbit_auth_mechanism_amqplain defined by app rabbit
2022-07-25 08:33:47.703483+00:00 [info] <0.221.0> Running boot step rabbit_auth_mechanism_plain defined by app rabbit
2022-07-25 08:33:47.703651+00:00 [info] <0.221.0> Running boot step rabbit_exchange_type_direct defined by app rabbit
2022-07-25 08:33:47.703856+00:00 [info] <0.221.0> Running boot step rabbit_exchange_type_fanout defined by app rabbit
2022-07-25 08:33:47.703974+00:00 [info] <0.221.0> Running boot step rabbit_exchange_type_headers defined by app rabbit
2022-07-25 08:33:47.704034+00:00 [info] <0.221.0> Running boot step rabbit_exchange_type_topic defined by app rabbit
2022-07-25 08:33:47.704125+00:00 [info] <0.221.0> Running boot step rabbit_mirror_queue_mode_all defined by app rabbit
2022-07-25 08:33:47.704196+00:00 [info] <0.221.0> Running boot step rabbit_mirror_queue_mode_exactly defined by app rabbit
2022-07-25 08:33:47.704304+00:00 [info] <0.221.0> Running boot step rabbit_mirror_queue_mode_nodes defined by app rabbit
2022-07-25 08:33:47.704446+00:00 [info] <0.221.0> Running boot step rabbit_priority_queue defined by app rabbit
2022-07-25 08:33:47.704484+00:00 [info] <0.221.0> Priority queues enabled, real BQ is rabbit_variable_queue
2022-07-25 08:33:47.704571+00:00 [info] <0.221.0> Running boot step rabbit_queue_location_client_local defined by app rabbit
2022-07-25 08:33:47.704639+00:00 [info] <0.221.0> Running boot step rabbit_queue_location_min_masters defined by app rabbit
2022-07-25 08:33:47.704712+00:00 [info] <0.221.0> Running boot step kernel_ready defined by app rabbit
2022-07-25 08:33:47.704752+00:00 [info] <0.221.0> Running boot step rabbit_sysmon_minder defined by app rabbit
2022-07-25 08:33:47.704974+00:00 [info] <0.221.0> Running boot step rabbit_epmd_monitor defined by app rabbit
2022-07-25 08:33:47.706632+00:00 [info] <0.558.0> epmd monitor knows us, inter-node communication (distribution) port: 25672
2022-07-25 08:33:47.706872+00:00 [info] <0.221.0> Running boot step guid_generator defined by app rabbit
2022-07-25 08:33:47.714610+00:00 [info] <0.221.0> Running boot step rabbit_node_monitor defined by app rabbit
2022-07-25 08:33:47.714895+00:00 [info] <0.562.0> Starting rabbit_node_monitor
2022-07-25 08:33:47.715044+00:00 [info] <0.221.0> Running boot step delegate_sup defined by app rabbit
2022-07-25 08:33:47.715966+00:00 [info] <0.221.0> Running boot step rabbit_memory_monitor defined by app rabbit
2022-07-25 08:33:47.716443+00:00 [info] <0.221.0> Running boot step rabbit_fifo_dlx_sup defined by app rabbit
2022-07-25 08:33:47.716695+00:00 [info] <0.221.0> Running boot step core_initialized defined by app rabbit
2022-07-25 08:33:47.716775+00:00 [info] <0.221.0> Running boot step upgrade_queues defined by app rabbit
2022-07-25 08:33:47.732222+00:00 [info] <0.221.0> message_store upgrades: 1 to apply
2022-07-25 08:33:47.732383+00:00 [info] <0.221.0> message_store upgrades: Applying rabbit_variable_queue:move_messages_to_vhost_store
2022-07-25 08:33:47.732712+00:00 [info] <0.221.0> message_store upgrades: No durable queues found. Skipping message store migration
2022-07-25 08:33:47.732831+00:00 [info] <0.221.0> message_store upgrades: Removing the old message store data
2022-07-25 08:33:47.736114+00:00 [info] <0.221.0> message_store upgrades: All upgrades applied successfully
2022-07-25 08:33:47.757038+00:00 [info] <0.221.0> Running boot step channel_tracking defined by app rabbit
2022-07-25 08:33:47.768586+00:00 [info] <0.221.0> Setting up a table for channel tracking on this node: tracked_channel_on_node_rabbit@dff4db72e632
2022-07-25 08:33:47.780133+00:00 [info] <0.221.0> Setting up a table for channel tracking on this node: tracked_channel_table_per_user_on_node_rabbit@dff4db72e632
2022-07-25 08:33:47.780601+00:00 [info] <0.221.0> Running boot step rabbit_channel_tracking_handler defined by app rabbit
2022-07-25 08:33:47.780738+00:00 [info] <0.221.0> Running boot step connection_tracking defined by app rabbit
2022-07-25 08:33:47.792461+00:00 [info] <0.221.0> Setting up a table for connection tracking on this node: tracked_connection_on_node_rabbit@dff4db72e632
2022-07-25 08:33:47.804540+00:00 [info] <0.221.0> Setting up a table for per-vhost connection counting on this node: tracked_connection_per_vhost_on_node_rabbit@dff4db72e632
2022-07-25 08:33:47.816589+00:00 [info] <0.221.0> Setting up a table for per-user connection counting on this node: tracked_connection_table_per_user_on_node_rabbit@dff4db72e632
2022-07-25 08:33:47.817024+00:00 [info] <0.221.0> Running boot step rabbit_connection_tracking_handler defined by app rabbit
2022-07-25 08:33:47.817138+00:00 [info] <0.221.0> Running boot step rabbit_definitions_hashing defined by app rabbit
2022-07-25 08:33:47.817295+00:00 [info] <0.221.0> Running boot step rabbit_exchange_parameters defined by app rabbit
2022-07-25 08:33:47.817420+00:00 [info] <0.221.0> Running boot step rabbit_mirror_queue_misc defined by app rabbit
2022-07-25 08:33:47.817841+00:00 [info] <0.221.0> Running boot step rabbit_policies defined by app rabbit
2022-07-25 08:33:47.818558+00:00 [info] <0.221.0> Running boot step rabbit_policy defined by app rabbit
2022-07-25 08:33:47.818644+00:00 [info] <0.221.0> Running boot step rabbit_queue_location_validator defined by app rabbit
2022-07-25 08:33:47.818692+00:00 [info] <0.221.0> Running boot step rabbit_quorum_memory_manager defined by app rabbit
2022-07-25 08:33:47.818743+00:00 [info] <0.221.0> Running boot step rabbit_stream_coordinator defined by app rabbit
2022-07-25 08:33:47.819261+00:00 [info] <0.221.0> Running boot step rabbit_vhost_limit defined by app rabbit
2022-07-25 08:33:47.819442+00:00 [info] <0.221.0> Running boot step recovery defined by app rabbit
2022-07-25 08:33:47.821789+00:00 [info] <0.221.0> Running boot step empty_db_check defined by app rabbit
2022-07-25 08:33:47.821875+00:00 [info] <0.221.0> Will seed default virtual host and user...
2022-07-25 08:33:47.821991+00:00 [info] <0.221.0> Adding vhost '/' (description: 'Default virtual host', tags: [])
2022-07-25 08:33:47.887049+00:00 [info] <0.619.0> Making sure data directory '/var/lib/rabbitmq/mnesia/rabbit@dff4db72e632/msg_stores/vhosts/628WB79CIFDYO9LJI6DKMI09L' for vhost '/' exists
2022-07-25 08:33:47.912350+00:00 [info] <0.619.0> Setting segment_entry_count for vhost '/' with 0 queues to '2048'
2022-07-25 08:33:47.928511+00:00 [info] <0.619.0> Starting message stores for vhost '/'
2022-07-25 08:33:47.928868+00:00 [info] <0.624.0> Message store "628WB79CIFDYO9LJI6DKMI09L/msg_store_transient": using rabbit_msg_store_ets_index to provide index
2022-07-25 08:33:47.959238+00:00 [info] <0.619.0> Started message store of type transient for vhost '/'
2022-07-25 08:33:47.959564+00:00 [info] <0.628.0> Message store "628WB79CIFDYO9LJI6DKMI09L/msg_store_persistent": using rabbit_msg_store_ets_index to provide index
2022-07-25 08:33:47.966632+00:00 [warning] <0.628.0> Message store "628WB79CIFDYO9LJI6DKMI09L/msg_store_persistent": rebuilding indices from scratch
2022-07-25 08:33:47.973970+00:00 [info] <0.619.0> Started message store of type persistent for vhost '/'
2022-07-25 08:33:47.974205+00:00 [info] <0.619.0> Recovering 0 queues of type rabbit_classic_queue took 56ms
2022-07-25 08:33:47.974318+00:00 [info] <0.619.0> Recovering 0 queues of type rabbit_quorum_queue took 0ms
2022-07-25 08:33:47.974406+00:00 [info] <0.619.0> Recovering 0 queues of type rabbit_stream_queue took 0ms
2022-07-25 08:33:47.979088+00:00 [info] <0.221.0> Created user 'guest'
2022-07-25 08:33:47.981032+00:00 [info] <0.221.0> Successfully set user tags for user 'guest' to [administrator]
2022-07-25 08:33:47.983160+00:00 [info] <0.221.0> Successfully set permissions for 'guest' in virtual host '/' to '.*', '.*', '.*'
2022-07-25 08:33:47.983216+00:00 [info] <0.221.0> Running boot step rabbit_looking_glass defined by app rabbit
2022-07-25 08:33:47.983246+00:00 [info] <0.221.0> Running boot step rabbit_core_metrics_gc defined by app rabbit
2022-07-25 08:33:47.983501+00:00 [info] <0.221.0> Running boot step background_gc defined by app rabbit
2022-07-25 08:33:47.983838+00:00 [info] <0.221.0> Running boot step routing_ready defined by app rabbit
2022-07-25 08:33:47.983950+00:00 [info] <0.221.0> Running boot step pre_flight defined by app rabbit
2022-07-25 08:33:47.983973+00:00 [info] <0.221.0> Running boot step notify_cluster defined by app rabbit
2022-07-25 08:33:47.984021+00:00 [info] <0.221.0> Running boot step networking defined by app rabbit
2022-07-25 08:33:47.984100+00:00 [info] <0.221.0> Running boot step rabbit_maintenance_mode_state defined by app rabbit
2022-07-25 08:33:47.984140+00:00 [info] <0.221.0> Creating table rabbit_node_maintenance_states for feature flag `maintenance_mode_status`
2022-07-25 08:33:47.984473+00:00 [info] <0.221.0> Running boot step definition_import_worker_pool defined by app rabbit
2022-07-25 08:33:47.984599+00:00 [info] <0.279.0> Starting worker pool 'definition_import_pool' with 8 processes in it
2022-07-25 08:33:47.985577+00:00 [info] <0.221.0> Running boot step cluster_name defined by app rabbit
2022-07-25 08:33:47.985660+00:00 [info] <0.221.0> Initialising internal cluster ID to 'rabbitmq-cluster-id-mO7BcoV_1zS1AiaI2dXZQQ'
2022-07-25 08:33:47.988418+00:00 [info] <0.221.0> Running boot step direct_client defined by app rabbit
2022-07-25 08:33:47.988875+00:00 [info] <0.666.0> Resetting node maintenance status
2022-07-25 08:33:47.989168+00:00 [info] <0.666.0> Ready to start client connection listeners
2022-07-25 08:33:47.992651+00:00 [info] <0.684.0> started TCP listener on [::]:5672
2022-07-25 08:33:48.128925+00:00 [info] <0.666.0> Server startup complete; 0 plugins started.
2022-07-25 08:34:26.618771+00:00 [info] <0.704.0> accepting AMQP connection <0.704.0> (172.18.0.1:40268 -> 172.18.0.2:5672)
2022-07-25 08:34:26.619055+00:00 [error] <0.704.0> closing AMQP connection <0.704.0> (172.18.0.1:40268 -> 172.18.0.2:5672):
2022-07-25 08:34:26.619055+00:00 [error] <0.704.0> {bad_header,<<"GET / HT">>}
2022-07-25 08:34:26.710824+00:00 [info] <0.711.0> accepting AMQP connection <0.711.0> (172.18.0.1:40270 -> 172.18.0.2:5672)
2022-07-25 08:34:26.710990+00:00 [error] <0.711.0> closing AMQP connection <0.711.0> (172.18.0.1:40270 -> 172.18.0.2:5672):
2022-07-25 08:34:26.710990+00:00 [error] <0.711.0> {bad_header,<<"GET /fav">>}
2022-07-25 08:36:31.319868+00:00 [notice] <0.60.0> SIGTERM received - shutting down
2022-07-25 08:36:31.319868+00:00 [notice] <0.60.0> 
2022-07-25 08:36:31.322472+00:00 [info] <0.221.0> Peer discovery backend rabbit_peer_discovery_classic_config does not support registration, skipping unregistration.
2022-07-25 08:36:31.322915+00:00 [info] <0.684.0> stopped TCP listener on [::]:5672
2022-07-25 08:36:31.325118+00:00 [info] <0.628.0> Stopping message store for directory '/var/lib/rabbitmq/mnesia/rabbit@dff4db72e632/msg_stores/vhosts/628WB79CIFDYO9LJI6DKMI09L/msg_store_persistent'
2022-07-25 08:36:31.325116+00:00 [info] <0.777.0> Closing all connections in vhost '/' on node 'rabbit@dff4db72e632' because the vhost is stopping
2022-07-25 08:36:31.362615+00:00 [info] <0.628.0> Message store for directory '/var/lib/rabbitmq/mnesia/rabbit@dff4db72e632/msg_stores/vhosts/628WB79CIFDYO9LJI6DKMI09L/msg_store_persistent' is stopped
2022-07-25 08:36:31.363173+00:00 [info] <0.624.0> Stopping message store for directory '/var/lib/rabbitmq/mnesia/rabbit@dff4db72e632/msg_stores/vhosts/628WB79CIFDYO9LJI6DKMI09L/msg_store_transient'
2022-07-25 08:36:31.408942+00:00 [info] <0.624.0> Message store for directory '/var/lib/rabbitmq/mnesia/rabbit@dff4db72e632/msg_stores/vhosts/628WB79CIFDYO9LJI6DKMI09L/msg_store_transient' is stopped
